<?xml version="1.0" encoding="utf-8"?><testsuites name="pytest tests"><testsuite name="pytest" errors="0" failures="0" skipped="0" tests="14" time="4.219" timestamp="2026-07-06T15:33:41.020701+00:00" hostname="agent-env-46e04ed5-0502-42e6-a76b-b28b17dcd9e6"><testcase classname="tests.test_goals_trades.TestSetupSchema" name="test_setup_has_new_fields[BTCUSDT]" time="0.607" /><testcase classname="tests.test_goals_trades.TestSetupSchema" name="test_setup_has_new_fields[ETHUSDT]" time="0.373" /><testcase classname="tests.test_goals_trades.TestScanSchema" name="test_scan_items_have_display_checklist" time="0.461" /><testcase classname="tests.test_goals_trades.TestGoals" name="test_goals_requires_auth" time="0.116" /><testcase classname="tests.test_goals_trades.TestGoals" name="test_get_goals_returns_all_8_keys" time="0.100" /><testcase classname="tests.test_goals_trades.TestGoals" name="test_put_goals_persists" time="0.162" /><testcase classname="tests.test_goals_trades.TestGoalsSummary" name="test_summary_requires_auth" time="0.128" /><testcase classname="tests.test_goals_trades.TestGoalsSummary" name="test_summary_shape" time="0.141" /><testcase classname="tests.test_goals_trades.TestTradesAuth" name="test_trades_get_requires_auth" time="0.094" /><testcase classname="tests.test_goals_trades.TestTradesAuth" name="test_trades_post_requires_auth" time="0.116" /><testcase classname="tests.test_goals_trades.TestTradesFlow" name="test_add_trade_updates_balance_and_appears_in_list" time="0.534" /><testcase classname="tests.test_goals_trades.TestTradesFlow" name="test_summary_reflects_win_and_loss" time="0.621" /><testcase classname="tests.test_goals_trades.TestDisciplineFlags" name="test_daily_goal_hit_flag" time="0.310" /><testcase classname="tests.test_goals_trades.TestDisciplineFlags" name="test_daily_loss_hit_flag" time="0.401" /></testsuite></testsuites>