<?xml version="1.0" encoding="utf-8"?><testsuites name="pytest tests"><testsuite name="pytest" errors="0" failures="4" skipped="0" tests="19" time="7.533" timestamp="2026-07-07T13:50:57.317219+00:00" hostname="agent-env-46e04ed5-0502-42e6-a76b-b28b17dcd9e6"><testcase classname="backend.tests.test_iteration6_breakout.TestScan1hCached" name="test_200" time="0.140" /><testcase classname="backend.tests.test_iteration6_breakout.TestScan1hCached" name="test_shape" time="0.001" /><testcase classname="backend.tests.test_iteration6_breakout.TestScan1hCached" name="test_iter5_invariants[best_setups]" time="0.001" /><testcase classname="backend.tests.test_iteration6_breakout.TestScan1hCached" name="test_iter5_invariants[preparing]" time="0.000" /><testcase classname="backend.tests.test_iteration6_breakout.TestScan1hCached" name="test_breakout_invariants[best_setups]" time="0.001" /><testcase classname="backend.tests.test_iteration6_breakout.TestScan1hCached" name="test_breakout_invariants[preparing]" time="0.000" /><testcase classname="backend.tests.test_iteration6_breakout.TestScan30mFresh" name="test_200" time="5.062" /><testcase classname="backend.tests.test_iteration6_breakout.TestScan30mFresh" name="test_iter5_invariants[best_setups]" time="0.001" /><testcase classname="backend.tests.test_iteration6_breakout.TestScan30mFresh" name="test_iter5_invariants[preparing]" time="0.000" /><testcase classname="backend.tests.test_iteration6_breakout.TestScan30mFresh" name="test_breakout_invariants[best_setups]" time="0.000" /><testcase classname="backend.tests.test_iteration6_breakout.TestScan30mFresh" name="test_breakout_invariants[preparing]" time="0.000" /><testcase classname="backend.tests.test_iteration6_breakout.TestNamedSetups" name="test_iter5[PENDLEUSDT-1h]" time="0.322"><failure message="AssertionError: {&quot;detail&quot;:&quot;Not enough data&quot;}&#10;assert 400 == 200&#10; +  where 400 = &lt;Response [400]&gt;.status_code">backend/tests/test_iteration6_breakout.py:307: in test_iter5
    assert r.status_code == 200, r.text[:300]
E   AssertionError: {"detail":"Not enough data"}
E   assert 400 == 200
E    +  where 400 = &lt;Response [400]&gt;.status_code</failure></testcase><testcase classname="backend.tests.test_iteration6_breakout.TestNamedSetups" name="test_iter5[GOOGLUSDT-1h]" time="0.259"><failure message="AssertionError: {&quot;detail&quot;:&quot;Not enough data&quot;}&#10;assert 400 == 200&#10; +  where 400 = &lt;Response [400]&gt;.status_code">backend/tests/test_iteration6_breakout.py:307: in test_iter5
    assert r.status_code == 200, r.text[:300]
E   AssertionError: {"detail":"Not enough data"}
E   assert 400 == 200
E    +  where 400 = &lt;Response [400]&gt;.status_code</failure></testcase><testcase classname="backend.tests.test_iteration6_breakout.TestNamedSetups" name="test_iter5[BTCUSDT-1h]" time="0.279"><failure message="AssertionError: {&quot;detail&quot;:&quot;Not enough data&quot;}&#10;assert 400 == 200&#10; +  where 400 = &lt;Response [400]&gt;.status_code">backend/tests/test_iteration6_breakout.py:307: in test_iter5
    assert r.status_code == 200, r.text[:300]
E   AssertionError: {"detail":"Not enough data"}
E   assert 400 == 200
E    +  where 400 = &lt;Response [400]&gt;.status_code</failure></testcase><testcase classname="backend.tests.test_iteration6_breakout.TestNamedSetups" name="test_iter5[AIUSDT-1h]" time="0.266"><failure message="AssertionError: {&quot;detail&quot;:&quot;Not enough data&quot;}&#10;assert 400 == 200&#10; +  where 400 = &lt;Response [400]&gt;.status_code">backend/tests/test_iteration6_breakout.py:307: in test_iter5
    assert r.status_code == 200, r.text[:300]
E   AssertionError: {"detail":"Not enough data"}
E   assert 400 == 200
E    +  where 400 = &lt;Response [400]&gt;.status_code</failure></testcase><testcase classname="backend.tests.test_iteration6_breakout.TestNamedSetups" name="test_breakout[PENDLEUSDT-1h]" time="0.266" /><testcase classname="backend.tests.test_iteration6_breakout.TestNamedSetups" name="test_breakout[GOOGLUSDT-1h]" time="0.308" /><testcase classname="backend.tests.test_iteration6_breakout.TestNamedSetups" name="test_breakout[BTCUSDT-1h]" time="0.274" /><testcase classname="backend.tests.test_iteration6_breakout.TestNamedSetups" name="test_breakout[AIUSDT-1h]" time="0.295" /></testsuite></testsuites>