<?xml version="1.0" encoding="utf-8"?><testsuites name="pytest tests"><testsuite name="pytest" errors="0" failures="0" skipped="0" tests="18" time="15.889" timestamp="2026-07-07T09:21:08.644188+00:00" hostname="agent-env-46e04ed5-0502-42e6-a76b-b28b17dcd9e6"><testcase classname="tests.test_iteration5_trading_logic.TestHealth" name="test_health" time="0.300" /><testcase classname="tests.test_iteration5_trading_logic.TestScanEndpoint" name="test_scan_cached_200_and_perf" time="5.323" /><testcase classname="tests.test_iteration5_trading_logic.TestScanEndpoint" name="test_scan_fresh_200_and_perf" time="5.017" /><testcase classname="tests.test_iteration5_trading_logic.TestScanEndpoint" name="test_scan_shape" time="0.000" /><testcase classname="tests.test_iteration5_trading_logic.TestScanEndpoint" name="test_scan_cached_invariants[best_setups]" time="0.001" /><testcase classname="tests.test_iteration5_trading_logic.TestScanEndpoint" name="test_scan_cached_invariants[preparing]" time="0.000" /><testcase classname="tests.test_iteration5_trading_logic.TestScanEndpoint" name="test_scan_fresh_invariants[best_setups]" time="0.000" /><testcase classname="tests.test_iteration5_trading_logic.TestScanEndpoint" name="test_scan_fresh_invariants[preparing]" time="0.000" /><testcase classname="tests.test_iteration5_trading_logic.TestContradictionSweep" name="test_no_contradictions" time="0.000" /><testcase classname="tests.test_iteration5_trading_logic.TestSetupDetail" name="test_setup_invariants[BTCUSDT-1h-0]" time="0.455" /><testcase classname="tests.test_iteration5_trading_logic.TestSetupDetail" name="test_setup_invariants[BTCUSDT-1h-1]" time="0.367" /><testcase classname="tests.test_iteration5_trading_logic.TestSetupDetail" name="test_setup_invariants[ETHUSDT-30m-0]" time="0.404" /><testcase classname="tests.test_iteration5_trading_logic.TestSetupDetail" name="test_setup_invariants[ETHUSDT-30m-1]" time="0.394" /><testcase classname="tests.test_iteration5_trading_logic.TestSetupDetail" name="test_setup_invariants[SOLUSDT-1h-0]" time="0.322" /><testcase classname="tests.test_iteration5_trading_logic.TestFreshBypassesCache" name="test_fresh_double_call" time="2.636" /><testcase classname="tests.test_iteration5_trading_logic.TestRegression" name="test_market_pairs" time="0.367" /><testcase classname="tests.test_iteration5_trading_logic.TestRegression" name="test_goals_summary_authed" time="0.096" /><testcase classname="tests.test_iteration5_trading_logic.TestRegression" name="test_watchlist_authed" time="0.155" /></testsuite></testsuites>