<?xml version="1.0" encoding="utf-8"?><testsuites name="pytest tests"><testsuite name="pytest" errors="0" failures="0" skipped="0" tests="15" time="3.378" timestamp="2026-07-07T08:23:15.904481+00:00" hostname="agent-env-46e04ed5-0502-42e6-a76b-b28b17dcd9e6"><testcase classname="backend.tests.test_iteration4_scan_setup.TestSetupConsistency" name="test_setup_grade_matches_checklist[BTCUSDT]" time="0.444" /><testcase classname="backend.tests.test_iteration4_scan_setup.TestSetupConsistency" name="test_setup_grade_matches_checklist[ETHUSDT]" time="0.334" /><testcase classname="backend.tests.test_iteration4_scan_setup.TestSetupConsistency" name="test_setup_grade_matches_checklist[SOLUSDT]" time="0.346" /><testcase classname="backend.tests.test_iteration4_scan_setup.TestAdvancedToggles" name="test_setup_with_htf_confirm" time="0.605" /><testcase classname="backend.tests.test_iteration4_scan_setup.TestAdvancedToggles" name="test_setup_without_htf_confirm" time="0.329" /><testcase classname="backend.tests.test_iteration4_scan_setup.TestScan" name="test_universe_and_scanned_counts" time="0.096" /><testcase classname="backend.tests.test_iteration4_scan_setup.TestScan" name="test_best_setups_shape" time="0.000" /><testcase classname="backend.tests.test_iteration4_scan_setup.TestScan" name="test_preparing_shape" time="0.000" /><testcase classname="backend.tests.test_iteration4_scan_setup.TestScan" name="test_a_plus_consistency_across_scan" time="0.000" /><testcase classname="backend.tests.test_iteration4_scan_setup.TestScan" name="test_scan_hi_tf_confirm_propagates" time="0.096" /><testcase classname="backend.tests.test_iteration4_scan_setup.TestWatchlistDetails" name="test_watchlist_details_enriched" time="0.392" /><testcase classname="backend.tests.test_iteration4_scan_setup.TestWatchlistDetails" name="test_watchlist_details_requires_auth" time="0.096" /><testcase classname="backend.tests.test_iteration4_scan_setup.TestPrefsAdvanced" name="test_put_advanced_persists" time="0.202" /><testcase classname="backend.tests.test_iteration4_scan_setup.TestPrefsAdvanced" name="test_put_advanced_partial_merge" time="0.183" /><testcase classname="backend.tests.test_iteration4_scan_setup.TestSessionUpsertStability" name="test_invalid_session_returns_401_not_500" time="0.226" /></testsuite></testsuites>