<?xml version="1.0" encoding="utf-8"?><testsuites name="pytest tests"><testsuite name="pytest" errors="0" failures="0" skipped="0" tests="9" time="1.446" timestamp="2026-07-07T04:58:19.406362+00:00" hostname="agent-env-46e04ed5-0502-42e6-a76b-b28b17dcd9e6"><testcase classname="backend.tests.test_prefs_currency.TestCurrencyRates" name="test_rates_ok_and_structure" time="0.319" /><testcase classname="backend.tests.test_prefs_currency.TestCurrencyRates" name="test_rates_values_when_live" time="0.097" /><testcase classname="backend.tests.test_prefs_currency.TestCurrencyRates" name="test_rates_caching_second_call" time="0.166" /><testcase classname="backend.tests.test_prefs_currency.TestPrefs" name="test_get_prefs_unauth_401" time="0.143" /><testcase classname="backend.tests.test_prefs_currency.TestPrefs" name="test_get_prefs_authed_shape" time="0.128" /><testcase classname="backend.tests.test_prefs_currency.TestPrefs" name="test_put_prefs_updates_name_and_currency" time="0.183" /><testcase classname="backend.tests.test_prefs_currency.TestPrefs" name="test_put_prefs_notifications_partial_merge" time="0.099" /><testcase classname="backend.tests.test_prefs_currency.TestPrefs" name="test_put_prefs_empty_body_no_change" time="0.175" /><testcase classname="backend.tests.test_prefs_currency.TestPrefs" name="test_put_prefs_trims_name_and_uppercases_currency" time="0.100" /></testsuite></testsuites>