<?xml version="1.0" encoding="utf-8"?><testsuites name="pytest tests"><testsuite name="pytest" errors="0" failures="0" skipped="0" tests="20" time="24.426" timestamp="2026-07-06T14:57:28.431229+00:00" hostname="agent-env-46e04ed5-0502-42e6-a76b-b28b17dcd9e6"><testcase classname="tests.test_probexa_backend.TestHealth" name="test_root" time="0.186" /><testcase classname="tests.test_probexa_backend.TestMarket" name="test_pairs" time="0.463" /><testcase classname="tests.test_probexa_backend.TestMarket" name="test_ticker" time="0.412" /><testcase classname="tests.test_probexa_backend.TestMarket" name="test_tickers_batch" time="0.372" /><testcase classname="tests.test_probexa_backend.TestMarket" name="test_klines" time="0.407" /><testcase classname="tests.test_probexa_backend.TestMarket" name="test_funding" time="0.433" /><testcase classname="tests.test_probexa_backend.TestMarket" name="test_open_interest" time="0.352" /><testcase classname="tests.test_probexa_backend.TestAuth" name="test_session_fake_returns_401" time="0.248" /><testcase classname="tests.test_probexa_backend.TestAuth" name="test_me_no_token" time="0.137" /><testcase classname="tests.test_probexa_backend.TestAuth" name="test_me_with_valid_token" time="0.100" /><testcase classname="tests.test_probexa_backend.TestAnalyze" name="test_analyze_requires_auth" time="0.158" /><testcase classname="tests.test_probexa_backend.TestAnalyze" name="test_analyze_btc_1h" time="11.958" /><testcase classname="tests.test_probexa_backend.TestAnalyze" name="test_analyze_screenshot" time="7.777" /><testcase classname="tests.test_probexa_backend.TestWatchlist" name="test_watchlist_crud" time="0.476" /><testcase classname="tests.test_probexa_backend.TestWatchlist" name="test_watchlist_requires_auth" time="0.101" /><testcase classname="tests.test_probexa_backend.TestAlerts" name="test_alerts_crud" time="0.304" /><testcase classname="tests.test_probexa_backend.TestJournal" name="test_journal_returns_saved_analyses" time="0.106" /><testcase classname="tests.test_probexa_backend.TestCalculator" name="test_calculator_math" time="0.144" /><testcase classname="tests.test_probexa_backend.TestCalculator" name="test_calculator_invalid_sl_equals_entry" time="0.093" /><testcase classname="tests.test_probexa_backend.TestPush" name="test_register_push" time="0.134" /></testsuite></testsuites>